app/build/intermediates/manifest_merge_blame_file/debug/manifest-merger-blame-debug-report.txt
1<?xml version="1.0" encoding="utf-8"?>
2<manifest xmlns:android="http://schemas.android.com/apk/res/android"
3    package="com.example.announcementsloading"
4    android:versionCode="1"
5    android:versionName="1.0" >
6
7    <uses-sdk
8        android:minSdkVersion="21"
8-->src\main\AndroidManifest.xml
9        android:targetSdkVersion="31" />
9-->src\main\AndroidManifest.xml
10
11    <uses-permission android:name="android.permission.ACCESS_COARSE_LOCATION" />
11-->src\main\AndroidManifest.xml:5:5-81
11-->src\main\AndroidManifest.xml:5:22-78
12    <uses-permission android:name="android.permission.ACCESS_FINE_LOCATION" />
12-->src\main\AndroidManifest.xml:6:5-79
12-->src\main\AndroidManifest.xml:6:22-76
13    <uses-permission android:name="android.permission.ACCESS_BACKGROUND_LOCATION" />
13-->src\main\AndroidManifest.xml:7:5-85
13-->src\main\AndroidManifest.xml:7:22-82
14    <uses-permission android:name="android.permission.FOREGROUND_SERVICE" />
14-->src\main\AndroidManifest.xml:8:5-76
14-->src\main\AndroidManifest.xml:8:22-74
15
16    <application
16-->src\main\AndroidManifest.xml:11:5-36:19
17        android:name="com.example.announcementsloading.App"
17-->src\main\AndroidManifest.xml:12:9-28
18        android:allowBackup="true"
18-->src\main\AndroidManifest.xml:13:9-35
19        android:appComponentFactory="androidx.core.app.CoreComponentFactory"
19-->[androidx.core:core:1.3.1] AndroidManifest.xml:24:18-86
20        android:debuggable="true"
21        android:icon="@mipmap/ic_launcher"
21-->src\main\AndroidManifest.xml:14:9-43
22        android:label="@string/app_name"
22-->src\main\AndroidManifest.xml:15:9-41
23        android:roundIcon="@mipmap/ic_launcher_round"
23-->src\main\AndroidManifest.xml:16:9-54
24        android:supportsRtl="true"
24-->src\main\AndroidManifest.xml:17:9-35
25        android:testOnly="true"
26        android:theme="@style/Theme.AnnouncementsLoading" >
26-->src\main\AndroidManifest.xml:18:9-58
27        <service
27-->src\main\AndroidManifest.xml:19:9-23:19
28            android:name="com.example.announcementsloading.MyLocationService"
28-->src\main\AndroidManifest.xml:20:13-46
29            android:enabled="true"
29-->src\main\AndroidManifest.xml:21:13-35
30            android:exported="true" >
30-->src\main\AndroidManifest.xml:22:13-36
31        </service>
32
33        <activity
33-->src\main\AndroidManifest.xml:25:9-35:20
34            android:name="com.example.announcementsloading.MainActivity"
34-->src\main\AndroidManifest.xml:26:13-41
35            android:exported="true"
35-->src\main\AndroidManifest.xml:27:13-36
36            android:label="@string/app_name"
36-->src\main\AndroidManifest.xml:28:13-45
37            android:theme="@style/Theme.AnnouncementsLoading.NoActionBar" >
37-->src\main\AndroidManifest.xml:29:13-74
38            <intent-filter>
38-->src\main\AndroidManifest.xml:30:13-34:29
39                <action android:name="android.intent.action.MAIN" />
39-->src\main\AndroidManifest.xml:31:17-69
39-->src\main\AndroidManifest.xml:31:25-66
40
41                <category android:name="android.intent.category.LAUNCHER" />
41-->src\main\AndroidManifest.xml:33:17-77
41-->src\main\AndroidManifest.xml:33:27-74
42            </intent-filter>
43        </activity>
44        <activity
44-->[com.google.android.gms:play-services-base:18.0.1] AndroidManifest.xml:20:9-22:45
45            android:name="com.google.android.gms.common.api.GoogleApiActivity"
45-->[com.google.android.gms:play-services-base:18.0.1] AndroidManifest.xml:20:19-85
46            android:exported="false"
46-->[com.google.android.gms:play-services-base:18.0.1] AndroidManifest.xml:22:19-43
47            android:theme="@android:style/Theme.Translucent.NoTitleBar" />
47-->[com.google.android.gms:play-services-base:18.0.1] AndroidManifest.xml:21:19-78
48
49        <meta-data
49-->[com.google.android.gms:play-services-basement:18.0.0] AndroidManifest.xml:21:9-23:69
50            android:name="com.google.android.gms.version"
50-->[com.google.android.gms:play-services-basement:18.0.0] AndroidManifest.xml:22:13-58
51            android:value="@integer/google_play_services_version" />
51-->[com.google.android.gms:play-services-basement:18.0.0] AndroidManifest.xml:23:13-66
52    </application>
53
54</manifest>